<?xml version="1.0" encoding="UTF-8"?>
<!-- Generated by org.testng.reporters.JUnitXMLReporter -->
<testsuite hostname="NIT-A03-007D" name="Test_4" tests="1" failures="1" timestamp="23 Dec 2015 12:03:47 GMT" time="0.006" errors="0">
  <testcase name="Smoke" time="0.004" classname="Main.InitiateClass">
    <failure type="java.lang.reflect.InvocationTargetException">
      <![CDATA[java.lang.reflect.InvocationTargetException
	at Main.ReflectionClassNew.callMethods(ReflectionClassNew.java:85)
	at Main.InitiateClass.Smoke(InitiateClass.java:38)
Caused by: java.lang.NullPointerException
	at Main.ReflectionClassNew.getURL(ReflectionClassNew.java:114)
	... 30 more
... Removed 28 stack frames]]>
    </failure>
  </testcase> <!-- Smoke -->
</testsuite> <!-- Test_4 -->
