<?xml version="1.0" encoding="UTF-8"?>
<!-- Generated by org.testng.reporters.JUnitXMLReporter -->
<testsuite hostname="NIT-A03-007D" name="Test_3(failed)" tests="1" failures="1" timestamp="23 Dec 2015 08:44:27 GMT" time="0.011" errors="0">
  <testcase name="Smoke_Test_All_Functionality" time="0.01" classname="Main.TestNG_Initiate">
    <failure type="java.lang.reflect.InvocationTargetException">
      <![CDATA[java.lang.reflect.InvocationTargetException
	at Main.ReflectionClassNew.callMethods(ReflectionClassNew.java:67)
	at Main.TestNG_Initiate.Smoke_Test_All_Functionality(TestNG_Initiate.java:51)
Caused by: java.lang.NullPointerException
	at Main.ReflectionClassNew.getURL(ReflectionClassNew.java:91)
	... 30 more
... Removed 28 stack frames]]>
    </failure>
  </testcase> <!-- Smoke_Test_All_Functionality -->
</testsuite> <!-- Test_3(failed) -->
