<?xml version="1.0" encoding="UTF-8"?>
<testng-results skipped="0" failed="0" total="3" passed="3">
  <reporter-output>
  </reporter-output>
  <suite name="Suite" duration-ms="130338" started-at="2015-12-23T12:30:02Z" finished-at="2015-12-23T12:32:12Z">
    <groups>
    </groups>
    <test name="Test_1" duration-ms="55303" started-at="2015-12-23T12:30:02Z" finished-at="2015-12-23T12:30:57Z">
      <class name="Main.InitiateClass">
        <test-method status="PASS" signature="Smoke()[pri:0, instance:Main.InitiateClass@e74eb02]" name="Smoke" duration-ms="55291" started-at="2015-12-23T18:00:02Z" finished-at="2015-12-23T18:00:57Z">
          <reporter-output>
          </reporter-output>
        </test-method> <!-- Smoke -->
      </class> <!-- Main.InitiateClass -->
    </test> <!-- Test_1 -->
    <test name="Test_2" duration-ms="41849" started-at="2015-12-23T12:30:57Z" finished-at="2015-12-23T12:31:39Z">
      <class name="Main.InitiateClass">
        <test-method status="PASS" signature="Smoke()[pri:0, instance:Main.InitiateClass@21ebfd82]" name="Smoke" duration-ms="41847" started-at="2015-12-23T18:00:57Z" finished-at="2015-12-23T18:01:39Z">
          <reporter-output>
          </reporter-output>
        </test-method> <!-- Smoke -->
      </class> <!-- Main.InitiateClass -->
    </test> <!-- Test_2 -->
    <test name="Test_3" duration-ms="33144" started-at="2015-12-23T12:31:39Z" finished-at="2015-12-23T12:32:12Z">
      <class name="Main.InitiateClass">
        <test-method status="PASS" signature="Smoke()[pri:0, instance:Main.InitiateClass@26b8320f]" name="Smoke" duration-ms="33143" started-at="2015-12-23T18:01:39Z" finished-at="2015-12-23T18:02:12Z">
          <reporter-output>
          </reporter-output>
        </test-method> <!-- Smoke -->
      </class> <!-- Main.InitiateClass -->
    </test> <!-- Test_3 -->
  </suite> <!-- Suite -->
</testng-results>
